app/manifest-merger-release-report.txt
-- Merging decision tree log ---
manifest
ADDED from AndroidManifest.xml:2:1
	xmlns:android
		ADDED from AndroidManifest.xml:2:11
	package
		ADDED from AndroidManifest.xml:3:5
		INJECTED from AndroidManifest.xml:0:0
		INJECTED from AndroidManifest.xml:0:0
	android:versionName
		ADDED from AndroidManifest.xml:5:5
		INJECTED from AndroidManifest.xml:0:0
		INJECTED from AndroidManifest.xml:0:0
	android:versionCode
		ADDED from AndroidManifest.xml:4:5
		INJECTED from AndroidManifest.xml:0:0
		INJECTED from AndroidManifest.xml:0:0
uses-sdk
ADDED from AndroidManifest.xml:8:5
MERGED from com.android.support:multidex:1.0.0:18:5
MERGED from com.android.support:support-v4:21.0.3:15:5
MERGED from net.i2p.android.ext:floatingactionbutton:1.9.0:8:5
	android:targetSdkVersion
		ADDED from AndroidManifest.xml:10:9
		INJECTED from AndroidManifest.xml:0:0
		INJECTED from AndroidManifest.xml:0:0
	android:minSdkVersion
		ADDED from AndroidManifest.xml:9:9
		INJECTED from AndroidManifest.xml:0:0
		INJECTED from AndroidManifest.xml:0:0
uses-permission#android.permission.INTERNET
ADDED from AndroidManifest.xml:13:5
	android:name
		ADDED from AndroidManifest.xml:13:22
uses-permission#android.permission.CAMERA
ADDED from AndroidManifest.xml:14:5
	android:name
		ADDED from AndroidManifest.xml:14:22
uses-permission#android.permission.ACCESS_NETWORK_STATE
ADDED from AndroidManifest.xml:15:5
	android:name
		ADDED from AndroidManifest.xml:15:22
uses-permission#android.permission.PROCESS_OUTGOING_CALLS
ADDED from AndroidManifest.xml:16:5
	android:name
		ADDED from AndroidManifest.xml:16:22
uses-permission#android.permission.RECEIVE_BOOT_COMPLETED
ADDED from AndroidManifest.xml:17:5
	android:name
		ADDED from AndroidManifest.xml:17:22
uses-permission#android.permission.SEND_SMS
ADDED from AndroidManifest.xml:18:5
	android:name
		ADDED from AndroidManifest.xml:18:22
uses-permission#android.permission.RECEIVE_SMS
ADDED from AndroidManifest.xml:19:5
	android:name
		ADDED from AndroidManifest.xml:19:22
uses-permission#android.permission.READ_PHONE_STATE
ADDED from AndroidManifest.xml:20:5
	android:name
		ADDED from AndroidManifest.xml:20:22
application
ADDED from AndroidManifest.xml:26:5
MERGED from com.android.support:support-v4:21.0.3:16:5
MERGED from net.i2p.android.ext:floatingactionbutton:1.9.0:12:5
	android:label
		ADDED from AndroidManifest.xml:28:9
	android:icon
		ADDED from AndroidManifest.xml:27:9
	android:theme
		ADDED from AndroidManifest.xml:30:9
	android:name
		ADDED from AndroidManifest.xml:29:9
activity#masanari.wallet.MainActivity
ADDED from AndroidManifest.xml:32:9
	android:label
		ADDED from AndroidManifest.xml:34:13
	android:configChanges
		ADDED from AndroidManifest.xml:35:13
	android:name
		ADDED from AndroidManifest.xml:33:13
intent-filter#android.intent.action.VIEW+android.intent.category.BROWSABLE+android.intent.category.DEFAULT
ADDED from AndroidManifest.xml:37:13
action#android.intent.action.VIEW
ADDED from AndroidManifest.xml:38:17
	android:name
		ADDED from AndroidManifest.xml:38:25
data
ADDED from AndroidManifest.xml:39:17
	android:scheme
		ADDED from AndroidManifest.xml:39:23
category#android.intent.category.DEFAULT
ADDED from AndroidManifest.xml:40:17
	android:name
		ADDED from AndroidManifest.xml:40:27
category#android.intent.category.BROWSABLE
ADDED from AndroidManifest.xml:41:17
	android:name
		ADDED from AndroidManifest.xml:41:27
intent-filter#android.intent.action.MAIN+android.intent.category.LAUNCHER
ADDED from AndroidManifest.xml:43:13
action#android.intent.action.MAIN
ADDED from AndroidManifest.xml:44:17
	android:name
		ADDED from AndroidManifest.xml:44:25
category#android.intent.category.LAUNCHER
ADDED from AndroidManifest.xml:45:17
	android:name
		ADDED from AndroidManifest.xml:45:27
activity#masanari.wallet.MainActivity2
ADDED from AndroidManifest.xml:49:9
	android:label
		ADDED from AndroidManifest.xml:50:13
	android:configChanges
		ADDED from AndroidManifest.xml:51:13
	android:name
		ADDED from AndroidManifest.xml:49:19
activity#masanari.wallet.SettingsActivity
ADDED from AndroidManifest.xml:78:9
	android:label
		ADDED from AndroidManifest.xml:79:13
	android:configChanges
		ADDED from AndroidManifest.xml:80:13
	android:name
		ADDED from AndroidManifest.xml:78:19
activity#masanari.wallet.AboutActivity
ADDED from AndroidManifest.xml:84:9
	android:screenOrientation
		ADDED from AndroidManifest.xml:86:13
	android:label
		ADDED from AndroidManifest.xml:85:13
	android:name
		ADDED from AndroidManifest.xml:84:19
activity#masanari.wallet.PinEntryActivity
ADDED from AndroidManifest.xml:90:9
	android:label
		ADDED from AndroidManifest.xml:91:13
	android:name
		ADDED from AndroidManifest.xml:90:19
activity#masanari.wallet.ShapeShiftActivity
ADDED from AndroidManifest.xml:95:9
	android:label
		ADDED from AndroidManifest.xml:96:13
	android:name
		ADDED from AndroidManifest.xml:95:19
activity#com.dm.zbar.android.scanner.ZBarScannerActivity
ADDED from AndroidManifest.xml:100:9
	android:screenOrientation
		ADDED from AndroidManifest.xml:103:13
	android:label
		ADDED from AndroidManifest.xml:102:13
	android:configChanges
		ADDED from AndroidManifest.xml:104:13
	android:name
		ADDED from AndroidManifest.xml:101:13
service#masanari.wallet.service.BroadcastReceiverService
ADDED from AndroidManifest.xml:107:9
	android:enabled
		ADDED from AndroidManifest.xml:107:18
	android:name
		ADDED from AndroidManifest.xml:107:41
service#masanari.wallet.service.WebSocketService
ADDED from AndroidManifest.xml:109:9
	android:enabled
		ADDED from AndroidManifest.xml:109:18
	android:name
		ADDED from AndroidManifest.xml:109:41
receiver#masanari.wallet.receivers.BootIntentReceiver
ADDED from AndroidManifest.xml:111:9
	android:exported
		ADDED from AndroidManifest.xml:111:106
	android:enabled
		ADDED from AndroidManifest.xml:111:83
	android:name
		ADDED from AndroidManifest.xml:111:19
intent-filter#android.intent.action.BOOT_COMPLETED+android.intent.action.QUICKBOOT_POWERON+android.intent.category.HOME
ADDED from AndroidManifest.xml:112:13
action#android.intent.action.BOOT_COMPLETED
ADDED from AndroidManifest.xml:113:17
	android:name
		ADDED from AndroidManifest.xml:113:25
action#android.intent.action.QUICKBOOT_POWERON
ADDED from AndroidManifest.xml:114:17
	android:name
		ADDED from AndroidManifest.xml:114:25
category#android.intent.category.HOME
ADDED from AndroidManifest.xml:115:17
	android:name
		ADDED from AndroidManifest.xml:115:27
receiver#masanari.wallet.receivers.InterceptOutgoingReceiver
ADDED from AndroidManifest.xml:119:9
	android:exported
		ADDED from AndroidManifest.xml:119:113
	android:enabled
		ADDED from AndroidManifest.xml:119:90
	android:name
		ADDED from AndroidManifest.xml:119:19
intent-filter#android.intent.action.NEW_OUTGOING_CALL+android.intent.category.DEFAULT
ADDED from AndroidManifest.xml:120:13
	android:priority
		ADDED from AndroidManifest.xml:120:28
action#android.intent.action.NEW_OUTGOING_CALL
ADDED from AndroidManifest.xml:121:17
	android:name
		ADDED from AndroidManifest.xml:121:25
receiver#masanari.wallet.receivers.SMSReceiver
ADDED from AndroidManifest.xml:126:9
	android:exported
		ADDED from AndroidManifest.xml:126:99
	android:enabled
		ADDED from AndroidManifest.xml:126:76
	android:name
		ADDED from AndroidManifest.xml:126:19
intent-filter#android.intent.category.DEFAULT+android.provider.Telephony.SMS_RECEIVED
ADDED from AndroidManifest.xml:127:13
	android:priority
		ADDED from AndroidManifest.xml:127:28
action#android.provider.Telephony.SMS_RECEIVED
ADDED from AndroidManifest.xml:128:17
	android:name
		ADDED from AndroidManifest.xml:128:25